0 info it worked if it ends with ok
1 verbose cli [ '/usr/bin/nodejs', '/usr/bin/npm', 'run', 'deploy' ]
2 info using npm@3.10.10
3 info using node@v6.10.3
4 verbose run-script [ 'predeploy', 'deploy', 'postdeploy' ]
5 info lifecycle thiagoods-site@0.5.0~predeploy: thiagoods-site@0.5.0
6 silly lifecycle thiagoods-site@0.5.0~predeploy: no script for predeploy, continuing
7 info lifecycle thiagoods-site@0.5.0~deploy: thiagoods-site@0.5.0
8 verbose lifecycle thiagoods-site@0.5.0~deploy: unsafe-perm in lifecycle true
9 verbose lifecycle thiagoods-site@0.5.0~deploy: PATH: /usr/lib/node_modules/npm/bin/node-gyp-bin:/home/thiago/workspace/thiagoods-site/node_modules/.bin:/home/thiago/.local/share/umake/bin:/usr/local/sbin:/usr/local/bin:/usr/sbin:/usr/bin:/sbin:/bin:/usr/games:/usr/local/games:/snap/bin
10 verbose lifecycle thiagoods-site@0.5.0~deploy: CWD: /home/thiago/workspace/thiagoods-site
11 silly lifecycle thiagoods-site@0.5.0~deploy: Args: [ '-c', 'git subtree push --prefix build origin master' ]
12 silly lifecycle thiagoods-site@0.5.0~deploy: Returned: code: 1  signal: null
13 info lifecycle thiagoods-site@0.5.0~deploy: Failed to exec deploy script
14 verbose stack Error: thiagoods-site@0.5.0 deploy: `git subtree push --prefix build origin master`
14 verbose stack Exit status 1
14 verbose stack     at EventEmitter.<anonymous> (/usr/lib/node_modules/npm/lib/utils/lifecycle.js:255:16)
14 verbose stack     at emitTwo (events.js:106:13)
14 verbose stack     at EventEmitter.emit (events.js:191:7)
14 verbose stack     at ChildProcess.<anonymous> (/usr/lib/node_modules/npm/lib/utils/spawn.js:40:14)
14 verbose stack     at emitTwo (events.js:106:13)
14 verbose stack     at ChildProcess.emit (events.js:191:7)
14 verbose stack     at maybeClose (internal/child_process.js:886:16)
14 verbose stack     at Process.ChildProcess._handle.onexit (internal/child_process.js:226:5)
15 verbose pkgid thiagoods-site@0.5.0
16 verbose cwd /home/thiago/workspace/thiagoods-site
17 error Linux 4.4.0-78-generic
18 error argv "/usr/bin/nodejs" "/usr/bin/npm" "run" "deploy"
19 error node v6.10.3
20 error npm  v3.10.10
21 error code ELIFECYCLE
22 error thiagoods-site@0.5.0 deploy: `git subtree push --prefix build origin master`
22 error Exit status 1
23 error Failed at the thiagoods-site@0.5.0 deploy script 'git subtree push --prefix build origin master'.
23 error Make sure you have the latest version of node.js and npm installed.
23 error If you do, this is most likely a problem with the thiagoods-site package,
23 error not with npm itself.
23 error Tell the author that this fails on your system:
23 error     git subtree push --prefix build origin master
23 error You can get information on how to open an issue for this project with:
23 error     npm bugs thiagoods-site
23 error Or if that isn't available, you can get their info via:
23 error     npm owner ls thiagoods-site
23 error There is likely additional logging output above.
24 verbose exit [ 1, true ]
